Using pre-set license
Built from '2020.3/staging' branch; Version is '2020.3.24f1 (79c78de19888) revision 7980941'; Using compiler version '192528614'; Build Type 'Release'
OS: 'Windows 10  (10.0.19043) 64bit Professional' Language: 'fr' Physical Memory: 16326 MB
BatchMode: 1, IsHumanControllingUs: 0, StartBugReporterOnCrash: 0, Is64bit: 1, IsPro: 0

COMMAND LINE ARGUMENTS:
C:\Program Files\Unity\Hub\Editor\2020.3.24f1\Editor\Unity.exe
-adb2
-batchMode
-noUpm
-name
AssetImportWorker0
-projectPath
D:/piett/Documents/CoursM2/ARVR/ECO-EYE/ARVR/ProjetARVR
-logFile
Logs/AssetImportWorker0.log
-srvPort
56121
Successfully changed project path to: D:/piett/Documents/CoursM2/ARVR/ECO-EYE/ARVR/ProjetARVR
D:/piett/Documents/CoursM2/ARVR/ECO-EYE/ARVR/ProjetARVR
Using Asset Import Pipeline V2.
Refreshing native plugins compatible for Editor in 42.81 ms, found 5 plugins.
Preloading 2 native plugins for Editor in 2.65 ms.
Initialize engine version: 2020.3.24f1 (79c78de19888)
[Subsystems] Discovering subsystems at path C:/Program Files/Unity/Hub/Editor/2020.3.24f1/Editor/Data/Resources/UnitySubsystems
[Subsystems] Discovering subsystems at path D:/piett/Documents/CoursM2/ARVR/ECO-EYE/ARVR/ProjetARVR/Assets
GfxDevice: creating device client; threaded=0
Direct3D:
    Version:  Direct3D 11.0 [level 11.1]
    Renderer: NVIDIA GeForce RTX 2060 (ID=0x1f08)
    Vendor:   
    VRAM:     5980 MB
    Driver:   30.0.14.9676
Initialize mono
Mono path[0] = 'C:/Program Files/Unity/Hub/Editor/2020.3.24f1/Editor/Data/Managed'
Mono path[1] = 'C:/Program Files/Unity/Hub/Editor/2020.3.24f1/Editor/Data/MonoBleedingEdge/lib/mono/unityjit'
Mono config path = 'C:/Program Files/Unity/Hub/Editor/2020.3.24f1/Editor/Data/MonoBleedingEdge/etc'
Using monoOptions --debugger-agent=transport=dt_socket,embedding=1,server=y,suspend=n,address=127.0.0.1:56244
Begin MonoManager ReloadAssembly
Registering precompiled unity dll's ...
Register platform support module: C:/Program Files/Unity/Hub/Editor/2020.3.24f1/Editor/Data/PlaybackEngines/WindowsStandaloneSupport/UnityEditor.WindowsStandalone.Extensions.dll
Registered in 0.001671 seconds.
Native extension for WindowsStandalone target not found
Refreshing native plugins compatible for Editor in 35.06 ms, found 5 plugins.
Preloading 2 native plugins for Editor in 0.05 ms.
Mono: successfully reloaded assembly
- Completed reload, in  0.472 seconds
Domain Reload Profiling:
	ReloadAssembly (473ms)
		BeginReloadAssembly (43ms)
			ExecutionOrderSort (0ms)
			DisableScriptedObjects (0ms)
			BackupInstance (0ms)
			ReleaseScriptingObjects (0ms)
			CreateAndSetChildDomain (1ms)
		EndReloadAssembly (367ms)
			LoadAssemblies (41ms)
			RebuildTransferFunctionScriptingTraits (0ms)
			SetupTypeCache (120ms)
			ReleaseScriptCaches (0ms)
			RebuildScriptCaches (25ms)
			SetupLoadedEditorAssemblies (140ms)
				LogAssemblyErrors (0ms)
				InitializePlatformSupportModulesInManaged (4ms)
				SetLoadedEditorAssemblies (0ms)
				RefreshPlugins (35ms)
				BeforeProcessingInitializeOnLoad (11ms)
				ProcessInitializeOnLoadAttributes (67ms)
				ProcessInitializeOnLoadMethodAttributes (22ms)
				AfterProcessingInitializeOnLoad (0ms)
				EditorAssembliesLoaded (0ms)
			ExecutionOrderSort2 (0ms)
			AwakeInstancesAfterBackupRestoration (0ms)
Platform modules already initialized, skipping
Registering precompiled user dll's ...
Registered in 0.007504 seconds.
Begin MonoManager ReloadAssembly
Native extension for WindowsStandalone target not found
Refreshing native plugins compatible for Editor in 0.62 ms, found 5 plugins.
Preloading 2 native plugins for Editor in 0.05 ms.
System.NullReferenceException: Object reference not set to an instance of an object
  at Vuforia.EditorClasses.ExtensionTypeProvider.GetVuforiaPackageAbsPath () [0x0004a] in <0213e6f0fa134fa89db6bafa02899715>:0 
  at Vuforia.EditorClasses.ExtensionTypeProvider.IsPackageManager () [0x00000] in <0213e6f0fa134fa89db6bafa02899715>:0 
  at Vuforia.EditorClasses.ExtensionTypeProvider.ResolvePluginType () [0x00009] in <0213e6f0fa134fa89db6bafa02899715>:0 
  at Vuforia.EditorClasses.ExtensionTypeProvider.GetPluginType () [0x0000c] in <0213e6f0fa134fa89db6bafa02899715>:0 
  at Vuforia.EditorClasses.VuforiaUtilities.IsVuforiaEnabledInPlayerSettings () [0x00000] in <0213e6f0fa134fa89db6bafa02899715>:0 
  at VuforiaEnabledObserver..cctor () [0x00000] in <0213e6f0fa134fa89db6bafa02899715>:0 
UnityEngine.StackTraceUtility:ExtractStackTrace ()
UnityEngine.DebugLogHandler:LogFormat (UnityEngine.LogType,UnityEngine.Object,string,object[])
UnityEngine.Logger:Log (UnityEngine.LogType,object)
UnityEngine.Debug:LogError (object)
UnityEditor.EditorAssemblies:ProcessInitializeOnLoadAttributes (System.Type[])

System.NullReferenceException: Object reference not set to an instance of an object
  at Vuforia.EditorClasses.ExtensionTypeProvider.GetVuforiaPackageAbsPath () [0x0004a] in <0213e6f0fa134fa89db6bafa02899715>:0 
  at Vuforia.EditorClasses.ExtensionTypeProvider.IsPackageManager () [0x00000] in <0213e6f0fa134fa89db6bafa02899715>:0 
  at Vuforia.EditorClasses.ExtensionTypeProvider.ResolvePluginType () [0x00009] in <0213e6f0fa134fa89db6bafa02899715>:0 
  at Vuforia.EditorClasses.ExtensionTypeProvider.GetPluginType () [0x0000c] in <0213e6f0fa134fa89db6bafa02899715>:0 
  at Vuforia.EditorClasses.VuforiaUtilities.IsVuforiaEnabledInPlayerSettings () [0x00000] in <0213e6f0fa134fa89db6bafa02899715>:0 
  at Vuforia.EditorClasses.InitializeOnLoadVuforiaTaskRunner..cctor () [0x00015] in <0213e6f0fa134fa89db6bafa02899715>:0 
UnityEngine.StackTraceUtility:ExtractStackTrace ()
UnityEngine.DebugLogHandler:LogFormat (UnityEngine.LogType,UnityEngine.Object,string,object[])
UnityEngine.Logger:Log (UnityEngine.LogType,object)
UnityEngine.Debug:LogError (object)
UnityEditor.EditorAssemblies:ProcessInitializeOnLoadAttributes (System.Type[])

Mono: successfully reloaded assembly
- Completed reload, in  0.906 seconds
Domain Reload Profiling:
	ReloadAssembly (907ms)
		BeginReloadAssembly (120ms)
			ExecutionOrderSort (0ms)
			DisableScriptedObjects (4ms)
			BackupInstance (0ms)
			ReleaseScriptingObjects (0ms)
			CreateAndSetChildDomain (16ms)
		EndReloadAssembly (734ms)
			LoadAssemblies (78ms)
			RebuildTransferFunctionScriptingTraits (0ms)
			SetupTypeCache (255ms)
			ReleaseScriptCaches (0ms)
			RebuildScriptCaches (43ms)
			SetupLoadedEditorAssemblies (274ms)
				LogAssemblyErrors (0ms)
				InitializePlatformSupportModulesInManaged (3ms)
				SetLoadedEditorAssemblies (0ms)
				RefreshPlugins (1ms)
				BeforeProcessingInitializeOnLoad (81ms)
				ProcessInitializeOnLoadAttributes (175ms)
				ProcessInitializeOnLoadMethodAttributes (7ms)
				AfterProcessingInitializeOnLoad (5ms)
				EditorAssembliesLoaded (0ms)
			ExecutionOrderSort2 (0ms)
			AwakeInstancesAfterBackupRestoration (6ms)
Platform modules already initialized, skipping
========================================================================
Worker process is ready to serve import requests
Launched and connected shader compiler UnityShaderCompiler.exe after 0.04 seconds
Refreshing native plugins compatible for Editor in 0.61 ms, found 5 plugins.
Preloading 2 native plugins for Editor in 0.05 ms.
Unloading 1948 Unused Serialized files (Serialized files now loaded: 0)
System memory in use before: 92.2 MB.
System memory in use after: 92.4 MB.

Unloading 46 unused Assets to reduce memory usage. Loaded Objects now: 2693.
Total: 2.776700 ms (FindLiveObjects: 0.204600 ms CreateObjectMapping: 0.055600 ms MarkObjects: 2.454800 ms  DeleteObjects: 0.060800 ms)

AssetImportParameters requested are different than current active one (requested -> active):
  custom:framework-win-MediaFoundation: 216162199b28c13a410421893ffa2e32 -> 
  custom:video-decoder-ogg-theora: a1e56fd34408186e4bbccfd4996cb3dc -> 
  custom:container-muxer-webm: aa71ff27fc2769a1b78a27578f13a17b -> 
  custom:container-demuxer-webm: 4f35f7cbe854078d1ac9338744f61a02 -> 
  custom:container-demuxer-ogg: 62fdf1f143b41e24485cea50d1cbac27 -> 
  custom:video-encoder-webm-vp8: eb34c28f22e8b96e1ab97ce403110664 -> 
  custom:video-decoder-webm-vp8: 9c59270c3fd7afecdb556c50c9e8de78 -> 
  custom:audio-decoder-ogg-vorbis: bf7c407c2cedff20999df2af8eb42d56 -> 
  custom:audio-encoder-webm-vorbis: bf7c407c2cedff20999df2af8eb42d56 -> 
========================================================================
Received Import Request.
  path: Assets/Scenes
  artifactKey: Guid(5dfa40c3456930a4d80ddcffba04adfc) Importer(815301076,1909f56bfc062723c751e8b465ee728b)
Start importing Assets/Scenes using Guid(5dfa40c3456930a4d80ddcffba04adfc) Importer(815301076,1909f56bfc062723c751e8b465ee728b)  -> (artifact id: 'e597bf55204d9670e63b3025872bca2c') in 0.008203 seconds 
  Import took 0.011168 seconds .

========================================================================
Received Prepare
Registering precompiled user dll's ...
Registered in 0.013823 seconds.
Begin MonoManager ReloadAssembly
Native extension for WindowsStandalone target not found
Refreshing native plugins compatible for Editor in 96.76 ms, found 5 plugins.
Preloading 2 native plugins for Editor in 0.16 ms.
System.NullReferenceException: Object reference not set to an instance of an object
  at Vuforia.EditorClasses.ExtensionTypeProvider.GetVuforiaPackageAbsPath () [0x0004a] in <0213e6f0fa134fa89db6bafa02899715>:0 
  at Vuforia.EditorClasses.ExtensionTypeProvider.IsPackageManager () [0x00000] in <0213e6f0fa134fa89db6bafa02899715>:0 
  at Vuforia.EditorClasses.ExtensionTypeProvider.ResolvePluginType () [0x00009] in <0213e6f0fa134fa89db6bafa02899715>:0 
  at Vuforia.EditorClasses.ExtensionTypeProvider.GetPluginType () [0x0000c] in <0213e6f0fa134fa89db6bafa02899715>:0 
  at Vuforia.EditorClasses.VuforiaUtilities.IsVuforiaEnabledInPlayerSettings () [0x00000] in <0213e6f0fa134fa89db6bafa02899715>:0 
  at VuforiaEnabledObserver..cctor () [0x00000] in <0213e6f0fa134fa89db6bafa02899715>:0 
UnityEngine.StackTraceUtility:ExtractStackTrace ()
UnityEngine.DebugLogHandler:LogFormat (UnityEngine.LogType,UnityEngine.Object,string,object[])
UnityEngine.Logger:Log (UnityEngine.LogType,object)
UnityEngine.Debug:LogError (object)
UnityEditor.EditorAssemblies:ProcessInitializeOnLoadAttributes (System.Type[])

System.NullReferenceException: Object reference not set to an instance of an object
  at Vuforia.EditorClasses.ExtensionTypeProvider.GetVuforiaPackageAbsPath () [0x0004a] in <0213e6f0fa134fa89db6bafa02899715>:0 
  at Vuforia.EditorClasses.ExtensionTypeProvider.IsPackageManager () [0x00000] in <0213e6f0fa134fa89db6bafa02899715>:0 
  at Vuforia.EditorClasses.ExtensionTypeProvider.ResolvePluginType () [0x00009] in <0213e6f0fa134fa89db6bafa02899715>:0 
  at Vuforia.EditorClasses.ExtensionTypeProvider.GetPluginType () [0x0000c] in <0213e6f0fa134fa89db6bafa02899715>:0 
  at Vuforia.EditorClasses.VuforiaUtilities.IsVuforiaEnabledInPlayerSettings () [0x00000] in <0213e6f0fa134fa89db6bafa02899715>:0 
  at Vuforia.EditorClasses.InitializeOnLoadVuforiaTaskRunner..cctor () [0x00015] in <0213e6f0fa134fa89db6bafa02899715>:0 
UnityEngine.StackTraceUtility:ExtractStackTrace ()
UnityEngine.DebugLogHandler:LogFormat (UnityEngine.LogType,UnityEngine.Object,string,object[])
UnityEngine.Logger:Log (UnityEngine.LogType,object)
UnityEngine.Debug:LogError (object)
UnityEditor.EditorAssemblies:ProcessInitializeOnLoadAttributes (System.Type[])

Mono: successfully reloaded assembly
- Completed reload, in  1.888 seconds
Domain Reload Profiling:
	ReloadAssembly (1889ms)
		BeginReloadAssembly (162ms)
			ExecutionOrderSort (0ms)
			DisableScriptedObjects (6ms)
			BackupInstance (0ms)
			ReleaseScriptingObjects (0ms)
			CreateAndSetChildDomain (68ms)
		EndReloadAssembly (1627ms)
			LoadAssemblies (151ms)
			RebuildTransferFunctionScriptingTraits (0ms)
			SetupTypeCache (565ms)
			ReleaseScriptCaches (2ms)
			RebuildScriptCaches (65ms)
			SetupLoadedEditorAssemblies (663ms)
				LogAssemblyErrors (0ms)
				InitializePlatformSupportModulesInManaged (5ms)
				SetLoadedEditorAssemblies (0ms)
				RefreshPlugins (97ms)
				BeforeProcessingInitializeOnLoad (123ms)
				ProcessInitializeOnLoadAttributes (425ms)
				ProcessInitializeOnLoadMethodAttributes (7ms)
				AfterProcessingInitializeOnLoad (5ms)
				EditorAssembliesLoaded (0ms)
			ExecutionOrderSort2 (0ms)
			AwakeInstancesAfterBackupRestoration (5ms)
Platform modules already initialized, skipping
Switching build target platform(19) subTarget(0) extendedPlatform(0) -> platform(13) subTarget(524288) extendedPlatform(0)
Shader 'Universal Render Pipeline/Nature/SpeedTree7': dependency 'BillboardShader' shader 'Universal Render Pipeline/Nature/SpeedTree7 Billboard' not found
Shader 'Universal Render Pipeline/Baked Lit': fallback shader 'Universal Render Pipeline/Unlit' not found
Shader 'Universal Render Pipeline/Simple Lit': fallback shader 'Hidden/Universal Render Pipeline/FallbackError' not found
Shader 'Universal Render Pipeline/Terrain/Lit': fallback shader 'Hidden/Universal Render Pipeline/FallbackError' not found
Shader 'Universal Render Pipeline/Terrain/Lit': dependency 'AddPassShader' shader 'Hidden/Universal Render Pipeline/Terrain/Lit (Add Pass)' not found
Shader 'Universal Render Pipeline/Terrain/Lit': dependency 'BaseMapShader' shader 'Hidden/Universal Render Pipeline/Terrain/Lit (Base Pass)' not found
Shader 'Universal Render Pipeline/Terrain/Lit': dependency 'BaseMapGenShader' shader 'Hidden/Universal Render Pipeline/Terrain/Lit (Basemap Gen)' not found
Shader 'Hidden/Universal Render Pipeline/Terrain/Lit (Add Pass)': fallback shader 'Hidden/Universal Render Pipeline/FallbackError' not found
Shader 'Hidden/Universal Render Pipeline/Terrain/Lit (Base Pass)': fallback shader 'Hidden/Universal Render Pipeline/FallbackError' not found
Refreshing native plugins compatible for Editor in 0.82 ms, found 5 plugins.
Preloading 2 native plugins for Editor in 0.05 ms.
Unloading 3171 Unused Serialized files (Serialized files now loaded: 0)
System memory in use before: 140.7 MB.
System memory in use after: 136.4 MB.

Unloading 98 unused Assets to reduce memory usage. Loaded Objects now: 3895.
Total: 4.742400 ms (FindLiveObjects: 0.303600 ms CreateObjectMapping: 0.088500 ms MarkObjects: 2.760600 ms  DeleteObjects: 1.588700 ms)

AssetImportParameters requested are different than current active one (requested -> active):
  custom:framework-win-MediaFoundation: 216162199b28c13a410421893ffa2e32 -> 
  custom:video-decoder-ogg-theora: a1e56fd34408186e4bbccfd4996cb3dc -> 
  custom:container-muxer-webm: aa71ff27fc2769a1b78a27578f13a17b -> 
  custom:container-demuxer-webm: 4f35f7cbe854078d1ac9338744f61a02 -> 
  custom:container-demuxer-ogg: 62fdf1f143b41e24485cea50d1cbac27 -> 
  custom:video-encoder-webm-vp8: eb34c28f22e8b96e1ab97ce403110664 -> 
  custom:video-decoder-webm-vp8: 9c59270c3fd7afecdb556c50c9e8de78 -> 
  custom:graphics/normal-map-encoding: 01000000000000000000000000000000 -> 02000000000000000000000000000000
  custom:audio-decoder-ogg-vorbis: bf7c407c2cedff20999df2af8eb42d56 -> 
  custom:audio-encoder-webm-vorbis: bf7c407c2cedff20999df2af8eb42d56 -> 
========================================================================
Received Import Request.
  Time since last request: 125.256615 seconds.
  path: Assets
  artifactKey: Guid(00000000000000001000000000000000) Importer(815301076,1909f56bfc062723c751e8b465ee728b)
Start importing Assets using Guid(00000000000000001000000000000000) Importer(815301076,1909f56bfc062723c751e8b465ee728b)  -> (artifact id: '42d402b061de3733987d63b9cc3b64de') in 0.009425 seconds 
  Import took 0.013986 seconds .

========================================================================
Received Import Request.
  Time since last request: 4.284275 seconds.
  path: Assets/watertext.jpg
  artifactKey: Guid(1085eadf8d3d19249aa8952eab4bdfff) Importer(815301076,1909f56bfc062723c751e8b465ee728b)
Start importing Assets/watertext.jpg using Guid(1085eadf8d3d19249aa8952eab4bdfff) Importer(815301076,1909f56bfc062723c751e8b465ee728b)  -> (artifact id: 'aa220cff51a3659e15caebc5096d1a70') in 0.075463 seconds 
  Import took 0.080123 seconds .

========================================================================
Received Import Request.
  Time since last request: 0.839190 seconds.
  path: Assets/water_shader.shadergraph
  artifactKey: Guid(831c8cd235ecf684bbefa320cf423b9b) Importer(815301076,1909f56bfc062723c751e8b465ee728b)
Start importing Assets/water_shader.shadergraph using Guid(831c8cd235ecf684bbefa320cf423b9b) Importer(815301076,1909f56bfc062723c751e8b465ee728b)  -> (artifact id: '93e79db4cccde6dde335daa22d0332df') in 0.011386 seconds 
  Import took 0.016224 seconds .

========================================================================
Received Import Request.
  Time since last request: 16.016399 seconds.
  path: Assets/UniversalRenderPipelineAsset.asset
  artifactKey: Guid(333e03bfd30a4ab4492c9c1eaa501f36) Importer(815301076,1909f56bfc062723c751e8b465ee728b)
Start importing Assets/UniversalRenderPipelineAsset.asset using Guid(333e03bfd30a4ab4492c9c1eaa501f36) Importer(815301076,1909f56bfc062723c751e8b465ee728b)  -> (artifact id: 'c389218bebe2f1bb32a87bde5df88afa') in 0.042371 seconds 
  Import took 0.047865 seconds .

========================================================================
Received Import Request.
  Time since last request: 0.000150 seconds.
  path: Assets/UniversalRenderPipelineAsset_Renderer.asset
  artifactKey: Guid(840cc5cf961975b43a6d746b1efd46e1) Importer(815301076,1909f56bfc062723c751e8b465ee728b)
Start importing Assets/UniversalRenderPipelineAsset_Renderer.asset using Guid(840cc5cf961975b43a6d746b1efd46e1) Importer(815301076,1909f56bfc062723c751e8b465ee728b)  -> (artifact id: 'cf71eb40c916891e8956468b9cdd7f88') in 0.032384 seconds 
  Import took 0.037546 seconds .

========================================================================
Received Import Request.
  Time since last request: 12.055551 seconds.
  path: Assets/Water.mat
  artifactKey: Guid(99be0cc3d8359274f86891a3840800c8) Importer(815301076,1909f56bfc062723c751e8b465ee728b)
Start importing Assets/Water.mat using Guid(99be0cc3d8359274f86891a3840800c8) Importer(815301076,1909f56bfc062723c751e8b465ee728b) Shader error in 'Shader Graphs/water_shader': Couldn't open include file 'Packages/com.unity.render-pipelines.core/ShaderLibrary/Color.hlsl'. at line 758

Compiling Vertex program
Platform defines: UNITY_COLORSPACE_GAMMA UNITY_ENABLE_REFLECTION_BUFFERS UNITY_HARDWARE_TIER3 UNITY_LIGHTMAP_FULL_HDR UNITY_NO_CUBEMAP_ARRAY UNITY_NO_DXT5nm UNITY_NO_SCREENSPACE_SHADOWS UNITY_PASS_SHADOWCASTER UNITY_PBS_USE_BRDF2
Disabled keywords: DOTS_INSTANCING_ON INSTANCING_ON SHADER_API_GLES30 UNITY_ASTC_NORMALMAP_ENCODING UNITY_ENABLE_DETAIL_NORMALMAP UNITY_ENABLE_NATIVE_SHADOW_LOOKUPS UNITY_HALF_PRECISION_FRAGMENT_SHADER_REGISTERS UNITY_HARDWARE_TIER1 UNITY_HARDWARE_TIER2 UNITY_LIGHTMAP_DLDR_ENCODING UNITY_LIGHTMAP_RGBM_ENCODING UNITY_LIGHT_PROBE_PROXY_VOLUME UNITY_METAL_SHADOWS_USE_POINT_FILTERING UNITY_NO_FULL_STANDARD_SHADER UNITY_PBS_USE_BRDF1 UNITY_PBS_USE_BRDF3 UNITY_PRETRANSFORM_TO_DISPLAY_ORIENTATION UNITY_SPECCUBE_BLENDING UNITY_SPECCUBE_BOX_PROJECTION UNITY_USE_DITHER_MASK_FOR_ALPHABLENDED_SHADOWS UNITY_VIRTUAL_TEXTURING
Shader error in 'Shader Graphs/water_shader': Couldn't open include file 'Packages/com.unity.render-pipelines.core/ShaderLibrary/Color.hlsl'. at line 758

Compiling Vertex program
Platform defines: UNITY_COLORSPACE_GAMMA UNITY_ENABLE_REFLECTION_BUFFERS UNITY_HARDWARE_TIER3 UNITY_LIGHTMAP_FULL_HDR UNITY_NO_CUBEMAP_ARRAY UNITY_NO_DXT5nm UNITY_NO_SCREENSPACE_SHADOWS UNITY_PASS_SHADOWCASTER UNITY_PBS_USE_BRDF2
Disabled keywords: DOTS_INSTANCING_ON INSTANCING_ON SHADER_API_GLES30 UNITY_ASTC_NORMALMAP_ENCODING UNITY_ENABLE_DETAIL_NORMALMAP UNITY_ENABLE_NATIVE_SHADOW_LOOKUPS UNITY_HALF_PRECISION_FRAGMENT_SHADER_REGISTERS UNITY_HARDWARE_TIER1 UNITY_HARDWARE_TIER2 UNITY_LIGHTMAP_DLDR_ENCODING UNITY_LIGHTMAP_RGBM_ENCODING UNITY_LIGHT_PROBE_PROXY_VOLUME UNITY_METAL_SHADOWS_USE_POINT_FILTERING UNITY_NO_FULL_STANDARD_SHADER UNITY_PBS_USE_BRDF1 UNITY_PBS_USE_BRDF3 UNITY_PRETRANSFORM_TO_DISPLAY_ORIENTATION UNITY_SPECCUBE_BLENDING UNITY_SPECCUBE_BOX_PROJECTION UNITY_USE_DITHER_MASK_FOR_ALPHABLENDED_SHADOWS UNITY_VIRTUAL_TEXTURING
 -> (artifact id: '00d01b8de017661514f961c921cff2a2') in 0.073602 seconds 
  Import took 0.078324 seconds .

========================================================================
Received Import Request.
  Time since last request: 5.709592 seconds.
  path: Assets/Scenes/QRCodeReader.unity
  artifactKey: Guid(9fc0d4010bbf28b4594072e72b8655ab) Importer(815301076,1909f56bfc062723c751e8b465ee728b)
Start importing Assets/Scenes/QRCodeReader.unity using Guid(9fc0d4010bbf28b4594072e72b8655ab) Importer(815301076,1909f56bfc062723c751e8b465ee728b)  -> (artifact id: '3586eb47d779214b4aacf108458db702') in 0.005513 seconds 
  Import took 0.010020 seconds .

========================================================================
Received Import Request.
  Time since last request: 11.233061 seconds.
  path: Assets/ic_launcher/res/mipmap-xxxhdpi/ic_launcher.png
  artifactKey: Guid(1c52d99daf21fc7408e6eec59208be08) Importer(815301076,1909f56bfc062723c751e8b465ee728b)
Start importing Assets/ic_launcher/res/mipmap-xxxhdpi/ic_launcher.png using Guid(1c52d99daf21fc7408e6eec59208be08) Importer(815301076,1909f56bfc062723c751e8b465ee728b)  -> (artifact id: 'e016824e7b1c7afa703c53c487046c5d') in 0.013568 seconds 
  Import took 0.018709 seconds .

========================================================================
Received Import Request.
  Time since last request: 80.050823 seconds.
  path: Assets/Scenes/PlaneDetection.unity
  artifactKey: Guid(57cc27b6f90addb488587c02a98e6cc3) Importer(815301076,1909f56bfc062723c751e8b465ee728b)
Start importing Assets/Scenes/PlaneDetection.unity using Guid(57cc27b6f90addb488587c02a98e6cc3) Importer(815301076,1909f56bfc062723c751e8b465ee728b)  -> (artifact id: '2d53764521bee56923bad7ee80846a8c') in 0.005581 seconds 
  Import took 0.010404 seconds .

========================================================================
Received Prepare
Refreshing native plugins compatible for Editor in 8.86 ms, found 5 plugins.
Preloading 2 native plugins for Editor in 0.05 ms.
Unloading 144 Unused Serialized files (Serialized files now loaded: 0)
System memory in use before: 88.3 MB.
System memory in use after: 85.6 MB.

Unloading 73 unused Assets to reduce memory usage. Loaded Objects now: 4007.
Total: 4.847600 ms (FindLiveObjects: 0.329000 ms CreateObjectMapping: 0.088900 ms MarkObjects: 3.223700 ms  DeleteObjects: 1.205500 ms)

AssetImportParameters requested are different than current active one (requested -> active):
  custom:framework-win-MediaFoundation: 216162199b28c13a410421893ffa2e32 -> 
  custom:video-decoder-ogg-theora: a1e56fd34408186e4bbccfd4996cb3dc -> 
  custom:container-muxer-webm: aa71ff27fc2769a1b78a27578f13a17b -> 
  custom:container-demuxer-webm: 4f35f7cbe854078d1ac9338744f61a02 -> 
  custom:container-demuxer-ogg: 62fdf1f143b41e24485cea50d1cbac27 -> 
  custom:video-encoder-webm-vp8: eb34c28f22e8b96e1ab97ce403110664 -> 
  custom:video-decoder-webm-vp8: 9c59270c3fd7afecdb556c50c9e8de78 -> 
  custom:audio-decoder-ogg-vorbis: bf7c407c2cedff20999df2af8eb42d56 -> 
  custom:audio-encoder-webm-vorbis: bf7c407c2cedff20999df2af8eb42d56 -> 
========================================================================
Received Import Request.
  Time since last request: 48.654891 seconds.
  path: Assets/Water.mat
  artifactKey: Guid(99be0cc3d8359274f86891a3840800c8) Importer(815301076,1909f56bfc062723c751e8b465ee728b)
Start importing Assets/Water.mat using Guid(99be0cc3d8359274f86891a3840800c8) Importer(815301076,1909f56bfc062723c751e8b465ee728b) Shader error in 'Shader Graphs/water_shader': Couldn't open include file 'Packages/com.unity.render-pipelines.core/ShaderLibrary/Color.hlsl'. at line 758

Compiling Vertex program
Platform defines: UNITY_COLORSPACE_GAMMA UNITY_ENABLE_REFLECTION_BUFFERS UNITY_LIGHTMAP_DLDR_ENCODING UNITY_NO_CUBEMAP_ARRAY UNITY_NO_DXT5nm UNITY_NO_SCREENSPACE_SHADOWS UNITY_PASS_SHADOWCASTER UNITY_PBS_USE_BRDF2
Disabled keywords: DOTS_INSTANCING_ON INSTANCING_ON SHADER_API_GLES30 UNITY_ASTC_NORMALMAP_ENCODING UNITY_ENABLE_DETAIL_NORMALMAP UNITY_ENABLE_NATIVE_SHADOW_LOOKUPS UNITY_HALF_PRECISION_FRAGMENT_SHADER_REGISTERS UNITY_HARDWARE_TIER1 UNITY_HARDWARE_TIER2 UNITY_HARDWARE_TIER3 UNITY_LIGHTMAP_FULL_HDR UNITY_LIGHTMAP_RGBM_ENCODING UNITY_LIGHT_PROBE_PROXY_VOLUME UNITY_METAL_SHADOWS_USE_POINT_FILTERING UNITY_NO_FULL_STANDARD_SHADER UNITY_PBS_USE_BRDF1 UNITY_PBS_USE_BRDF3 UNITY_PRETRANSFORM_TO_DISPLAY_ORIENTATION UNITY_SPECCUBE_BLENDING UNITY_SPECCUBE_BOX_PROJECTION UNITY_USE_DITHER_MASK_FOR_ALPHABLENDED_SHADOWS UNITY_VIRTUAL_TEXTURING
Shader error in 'Shader Graphs/water_shader': Couldn't open include file 'Packages/com.unity.render-pipelines.core/ShaderLibrary/Color.hlsl'. at line 758

Compiling Vertex program
Platform defines: UNITY_COLORSPACE_GAMMA UNITY_ENABLE_REFLECTION_BUFFERS UNITY_LIGHTMAP_DLDR_ENCODING UNITY_NO_CUBEMAP_ARRAY UNITY_NO_DXT5nm UNITY_NO_SCREENSPACE_SHADOWS UNITY_PASS_SHADOWCASTER UNITY_PBS_USE_BRDF2
Disabled keywords: DOTS_INSTANCING_ON INSTANCING_ON SHADER_API_GLES30 UNITY_ASTC_NORMALMAP_ENCODING UNITY_ENABLE_DETAIL_NORMALMAP UNITY_ENABLE_NATIVE_SHADOW_LOOKUPS UNITY_HALF_PRECISION_FRAGMENT_SHADER_REGISTERS UNITY_HARDWARE_TIER1 UNITY_HARDWARE_TIER2 UNITY_HARDWARE_TIER3 UNITY_LIGHTMAP_FULL_HDR UNITY_LIGHTMAP_RGBM_ENCODING UNITY_LIGHT_PROBE_PROXY_VOLUME UNITY_METAL_SHADOWS_USE_POINT_FILTERING UNITY_NO_FULL_STANDARD_SHADER UNITY_PBS_USE_BRDF1 UNITY_PBS_USE_BRDF3 UNITY_PRETRANSFORM_TO_DISPLAY_ORIENTATION UNITY_SPECCUBE_BLENDING UNITY_SPECCUBE_BOX_PROJECTION UNITY_USE_DITHER_MASK_FOR_ALPHABLENDED_SHADOWS UNITY_VIRTUAL_TEXTURING
 -> (artifact id: '8005efca6ba03e35e783dcd2a7c8a2ae') in 0.112662 seconds 
  Import took 0.117782 seconds .

========================================================================
Received Import Request.
  Time since last request: 1.175835 seconds.
  path: Assets/UniversalRenderPipelineAsset.asset
  artifactKey: Guid(333e03bfd30a4ab4492c9c1eaa501f36) Importer(815301076,1909f56bfc062723c751e8b465ee728b)
Start importing Assets/UniversalRenderPipelineAsset.asset using Guid(333e03bfd30a4ab4492c9c1eaa501f36) Importer(815301076,1909f56bfc062723c751e8b465ee728b)  -> (artifact id: '0f091f3812b4b438f9c4891055e94952') in 0.002584 seconds 
  Import took 0.007331 seconds .

========================================================================
Received Import Request.
  Time since last request: 1.057832 seconds.
  path: Assets/UniversalRenderPipelineAsset_Renderer.asset
  artifactKey: Guid(840cc5cf961975b43a6d746b1efd46e1) Importer(815301076,1909f56bfc062723c751e8b465ee728b)
Start importing Assets/UniversalRenderPipelineAsset_Renderer.asset using Guid(840cc5cf961975b43a6d746b1efd46e1) Importer(815301076,1909f56bfc062723c751e8b465ee728b)  -> (artifact id: '5fb171515322e76035c944f13845b609') in 0.003170 seconds 
  Import took 0.007519 seconds .

========================================================================
Received Prepare
Refreshing native plugins compatible for Editor in 8.70 ms, found 5 plugins.
Preloading 2 native plugins for Editor in 0.05 ms.
Unloading 75 Unused Serialized files (Serialized files now loaded: 0)
System memory in use before: 86.1 MB.
System memory in use after: 83.3 MB.

Unloading 73 unused Assets to reduce memory usage. Loaded Objects now: 4075.
Total: 5.335600 ms (FindLiveObjects: 0.334200 ms CreateObjectMapping: 0.087900 ms MarkObjects: 3.356600 ms  DeleteObjects: 1.556300 ms)

AssetImportParameters requested are different than current active one (requested -> active):
  custom:framework-win-MediaFoundation: 216162199b28c13a410421893ffa2e32 -> 
  custom:video-decoder-ogg-theora: a1e56fd34408186e4bbccfd4996cb3dc -> 
  custom:container-muxer-webm: aa71ff27fc2769a1b78a27578f13a17b -> 
  custom:container-demuxer-webm: 4f35f7cbe854078d1ac9338744f61a02 -> 
  custom:container-demuxer-ogg: 62fdf1f143b41e24485cea50d1cbac27 -> 
  custom:video-encoder-webm-vp8: eb34c28f22e8b96e1ab97ce403110664 -> 
  custom:video-decoder-webm-vp8: 9c59270c3fd7afecdb556c50c9e8de78 -> 
  custom:audio-decoder-ogg-vorbis: bf7c407c2cedff20999df2af8eb42d56 -> 
  custom:audio-encoder-webm-vorbis: bf7c407c2cedff20999df2af8eb42d56 -> 
========================================================================
Received Import Request.
  Time since last request: 44.807032 seconds.
  path: Assets/UniversalRenderPipelineAsset_Renderer.asset
  artifactKey: Guid(840cc5cf961975b43a6d746b1efd46e1) Importer(815301076,1909f56bfc062723c751e8b465ee728b)
Start importing Assets/UniversalRenderPipelineAsset_Renderer.asset using Guid(840cc5cf961975b43a6d746b1efd46e1) Importer(815301076,1909f56bfc062723c751e8b465ee728b)  -> (artifact id: '552db1604ccec90d91bd5cdb47c884ae') in 0.003318 seconds 
  Import took 0.008329 seconds .

========================================================================
Received Import Request.
  Time since last request: 138.196382 seconds.
  path: Assets/Scenes/PlaneDetection.unity
  artifactKey: Guid(57cc27b6f90addb488587c02a98e6cc3) Importer(815301076,1909f56bfc062723c751e8b465ee728b)
Start importing Assets/Scenes/PlaneDetection.unity using Guid(57cc27b6f90addb488587c02a98e6cc3) Importer(815301076,1909f56bfc062723c751e8b465ee728b)  -> (artifact id: '8088c4e7cf4dffca1a614b4cb900c97f') in 0.002218 seconds 
  Import took 0.006849 seconds .

========================================================================
Received Import Request.
  Time since last request: 1.941365 seconds.
  path: Assets/Scenes/PlaneDetection.unity
  artifactKey: Guid(57cc27b6f90addb488587c02a98e6cc3) Importer(815301076,1909f56bfc062723c751e8b465ee728b)
Start importing Assets/Scenes/PlaneDetection.unity using Guid(57cc27b6f90addb488587c02a98e6cc3) Importer(815301076,1909f56bfc062723c751e8b465ee728b)  -> (artifact id: '1339b46f5ae98ae6a19c897c24e9361e') in 0.002116 seconds 
  Import took 0.007165 seconds .

========================================================================
Received Prepare
Refreshing native plugins compatible for Editor in 9.12 ms, found 5 plugins.
Preloading 2 native plugins for Editor in 0.05 ms.
Unloading 73 Unused Serialized files (Serialized files now loaded: 0)
System memory in use before: 86.1 MB.
System memory in use after: 83.3 MB.

Unloading 73 unused Assets to reduce memory usage. Loaded Objects now: 4075.
Total: 5.526900 ms (FindLiveObjects: 0.340500 ms CreateObjectMapping: 0.090600 ms MarkObjects: 3.636000 ms  DeleteObjects: 1.458800 ms)

AssetImportParameters requested are different than current active one (requested -> active):
  custom:framework-win-MediaFoundation: 216162199b28c13a410421893ffa2e32 -> 
  custom:video-decoder-ogg-theora: a1e56fd34408186e4bbccfd4996cb3dc -> 
  custom:container-muxer-webm: aa71ff27fc2769a1b78a27578f13a17b -> 
  custom:container-demuxer-webm: 4f35f7cbe854078d1ac9338744f61a02 -> 
  custom:container-demuxer-ogg: 62fdf1f143b41e24485cea50d1cbac27 -> 
  custom:video-encoder-webm-vp8: eb34c28f22e8b96e1ab97ce403110664 -> 
  custom:video-decoder-webm-vp8: 9c59270c3fd7afecdb556c50c9e8de78 -> 
  custom:audio-decoder-ogg-vorbis: bf7c407c2cedff20999df2af8eb42d56 -> 
  custom:audio-encoder-webm-vorbis: bf7c407c2cedff20999df2af8eb42d56 -> 
========================================================================
Received Import Request.
  Time since last request: 234.767373 seconds.
  path: Assets/Prefabs
  artifactKey: Guid(56c9ea05f0e84b241a05dfd5c0c30c10) Importer(815301076,1909f56bfc062723c751e8b465ee728b)
Start importing Assets/Prefabs using Guid(56c9ea05f0e84b241a05dfd5c0c30c10) Importer(815301076,1909f56bfc062723c751e8b465ee728b)  -> (artifact id: '72e971292374e893d502192913807828') in 0.005292 seconds 
  Import took 0.009964 seconds .

========================================================================
Received Import Request.
  Time since last request: 0.088975 seconds.
  path: Assets/Prefabs/AR Default Plane.prefab
  artifactKey: Guid(c907ad9aafa7ce947a669625a7b01362) Importer(815301076,1909f56bfc062723c751e8b465ee728b)
Start importing Assets/Prefabs/AR Default Plane.prefab using Guid(c907ad9aafa7ce947a669625a7b01362) Importer(815301076,1909f56bfc062723c751e8b465ee728b)  -> (artifact id: '475787dac029350272ba3081e7a59af7') in 0.022171 seconds 
  Import took 0.026842 seconds .

========================================================================
Received Import Request.
  Time since last request: 0.000178 seconds.
  path: Assets/Prefabs/AR Default Point Cloud.prefab
  artifactKey: Guid(588a6e321c922c643b6cb332434ec2b9) Importer(815301076,1909f56bfc062723c751e8b465ee728b)
Start importing Assets/Prefabs/AR Default Point Cloud.prefab using Guid(588a6e321c922c643b6cb332434ec2b9) Importer(815301076,1909f56bfc062723c751e8b465ee728b)  -> (artifact id: '3bddee7157acf01e4af6a6c5c4b15efc') in 0.032262 seconds 
  Import took 0.036537 seconds .

========================================================================
Received Import Request.
  Time since last request: 16.292283 seconds.
  path: Assets/Materials
  artifactKey: Guid(1c32cf02ff0f12d46b63cc7e5fb3e11b) Importer(815301076,1909f56bfc062723c751e8b465ee728b)
Start importing Assets/Materials using Guid(1c32cf02ff0f12d46b63cc7e5fb3e11b) Importer(815301076,1909f56bfc062723c751e8b465ee728b)  -> (artifact id: '42ae0801b6313c604c2fc753f2e41a70') in 0.005936 seconds 
  Import took 0.010570 seconds .

========================================================================
Received Import Request.
  Time since last request: 0.074399 seconds.
  path: Assets/Materials/BlueOcean.mat
  artifactKey: Guid(3bfc721a6363ae94f92d09938b7f184b) Importer(815301076,1909f56bfc062723c751e8b465ee728b)
Start importing Assets/Materials/BlueOcean.mat using Guid(3bfc721a6363ae94f92d09938b7f184b) Importer(815301076,1909f56bfc062723c751e8b465ee728b)  -> (artifact id: 'b335b17d313c37f9453b9c9cbbd01523') in 0.012036 seconds 
  Import took 0.016693 seconds .

========================================================================
Received Import Request.
  Time since last request: 0.000178 seconds.
  path: Assets/Materials/Visualizer.mat
  artifactKey: Guid(eab694fa4e2d1794e8bd5eeb78e06c75) Importer(815301076,1909f56bfc062723c751e8b465ee728b)
Start importing Assets/Materials/Visualizer.mat using Guid(eab694fa4e2d1794e8bd5eeb78e06c75) Importer(815301076,1909f56bfc062723c751e8b465ee728b)  -> (artifact id: '451876fc34454b01e561d35f2a5f72d7') in 0.034626 seconds 
  Import took 0.039094 seconds .

========================================================================
Received Prepare
Refreshing native plugins compatible for Editor in 8.88 ms, found 5 plugins.
Preloading 2 native plugins for Editor in 0.05 ms.
Unloading 73 Unused Serialized files (Serialized files now loaded: 0)
System memory in use before: 86.5 MB.
System memory in use after: 83.7 MB.

Unloading 75 unused Assets to reduce memory usage. Loaded Objects now: 4100.
Total: 5.348400 ms (FindLiveObjects: 0.367700 ms CreateObjectMapping: 0.080100 ms MarkObjects: 3.525900 ms  DeleteObjects: 1.374100 ms)

AssetImportParameters requested are different than current active one (requested -> active):
  custom:framework-win-MediaFoundation: 216162199b28c13a410421893ffa2e32 -> 
  custom:video-decoder-ogg-theora: a1e56fd34408186e4bbccfd4996cb3dc -> 
  custom:container-muxer-webm: aa71ff27fc2769a1b78a27578f13a17b -> 
  custom:container-demuxer-webm: 4f35f7cbe854078d1ac9338744f61a02 -> 
  custom:container-demuxer-ogg: 62fdf1f143b41e24485cea50d1cbac27 -> 
  custom:video-encoder-webm-vp8: eb34c28f22e8b96e1ab97ce403110664 -> 
  custom:video-decoder-webm-vp8: 9c59270c3fd7afecdb556c50c9e8de78 -> 
  custom:audio-decoder-ogg-vorbis: bf7c407c2cedff20999df2af8eb42d56 -> 
  custom:audio-encoder-webm-vorbis: bf7c407c2cedff20999df2af8eb42d56 -> 
========================================================================
Received Import Request.
  Time since last request: 452.601742 seconds.
  path: Assets/TapToPlace.cs
  artifactKey: Guid(25aab51e64847634ea3fcf8daa3214e2) Importer(815301076,1909f56bfc062723c751e8b465ee728b)
Start importing Assets/TapToPlace.cs using Guid(25aab51e64847634ea3fcf8daa3214e2) Importer(815301076,1909f56bfc062723c751e8b465ee728b)  -> (artifact id: 'c688756df554cbd9c12300cce9674d56') in 0.009194 seconds 
  Import took 0.014582 seconds .

========================================================================
Received Prepare
Registering precompiled user dll's ...
Registered in 0.008280 seconds.
Begin MonoManager ReloadAssembly
Native extension for WindowsStandalone target not found
Refreshing native plugins compatible for Editor in 0.82 ms, found 5 plugins.
Preloading 2 native plugins for Editor in 0.06 ms.
System.NullReferenceException: Object reference not set to an instance of an object
  at Vuforia.EditorClasses.ExtensionTypeProvider.GetVuforiaPackageAbsPath () [0x0004a] in <0213e6f0fa134fa89db6bafa02899715>:0 
  at Vuforia.EditorClasses.ExtensionTypeProvider.IsPackageManager () [0x00000] in <0213e6f0fa134fa89db6bafa02899715>:0 
  at Vuforia.EditorClasses.ExtensionTypeProvider.ResolvePluginType () [0x00009] in <0213e6f0fa134fa89db6bafa02899715>:0 
  at Vuforia.EditorClasses.ExtensionTypeProvider.GetPluginType () [0x0000c] in <0213e6f0fa134fa89db6bafa02899715>:0 
  at Vuforia.EditorClasses.VuforiaUtilities.IsVuforiaEnabledInPlayerSettings () [0x00000] in <0213e6f0fa134fa89db6bafa02899715>:0 
  at VuforiaEnabledObserver..cctor () [0x00000] in <0213e6f0fa134fa89db6bafa02899715>:0 
UnityEngine.StackTraceUtility:ExtractStackTrace ()
UnityEngine.DebugLogHandler:LogFormat (UnityEngine.LogType,UnityEngine.Object,string,object[])
UnityEngine.Logger:Log (UnityEngine.LogType,object)
UnityEngine.Debug:LogError (object)
UnityEditor.EditorAssemblies:ProcessInitializeOnLoadAttributes (System.Type[])

System.NullReferenceException: Object reference not set to an instance of an object
  at Vuforia.EditorClasses.ExtensionTypeProvider.GetVuforiaPackageAbsPath () [0x0004a] in <0213e6f0fa134fa89db6bafa02899715>:0 
  at Vuforia.EditorClasses.ExtensionTypeProvider.IsPackageManager () [0x00000] in <0213e6f0fa134fa89db6bafa02899715>:0 
  at Vuforia.EditorClasses.ExtensionTypeProvider.ResolvePluginType () [0x00009] in <0213e6f0fa134fa89db6bafa02899715>:0 
  at Vuforia.EditorClasses.ExtensionTypeProvider.GetPluginType () [0x0000c] in <0213e6f0fa134fa89db6bafa02899715>:0 
  at Vuforia.EditorClasses.VuforiaUtilities.IsVuforiaEnabledInPlayerSettings () [0x00000] in <0213e6f0fa134fa89db6bafa02899715>:0 
  at Vuforia.EditorClasses.InitializeOnLoadVuforiaTaskRunner..cctor () [0x00015] in <0213e6f0fa134fa89db6bafa02899715>:0 
UnityEngine.StackTraceUtility:ExtractStackTrace ()
UnityEngine.DebugLogHandler:LogFormat (UnityEngine.LogType,UnityEngine.Object,string,object[])
UnityEngine.Logger:Log (UnityEngine.LogType,object)
UnityEngine.Debug:LogError (object)
UnityEditor.EditorAssemblies:ProcessInitializeOnLoadAttributes (System.Type[])

Mono: successfully reloaded assembly
- Completed reload, in  0.963 seconds
Domain Reload Profiling:
	ReloadAssembly (963ms)
		BeginReloadAssembly (107ms)
			ExecutionOrderSort (0ms)
			DisableScriptedObjects (4ms)
			BackupInstance (0ms)
			ReleaseScriptingObjects (0ms)
			CreateAndSetChildDomain (34ms)
		EndReloadAssembly (802ms)
			LoadAssemblies (81ms)
			RebuildTransferFunctionScriptingTraits (0ms)
			SetupTypeCache (288ms)
			ReleaseScriptCaches (1ms)
			RebuildScriptCaches (36ms)
			SetupLoadedEditorAssemblies (265ms)
				LogAssemblyErrors (0ms)
				InitializePlatformSupportModulesInManaged (3ms)
				SetLoadedEditorAssemblies (0ms)
				RefreshPlugins (1ms)
				BeforeProcessingInitializeOnLoad (82ms)
				ProcessInitializeOnLoadAttributes (167ms)
				ProcessInitializeOnLoadMethodAttributes (7ms)
				AfterProcessingInitializeOnLoad (5ms)
				EditorAssembliesLoaded (0ms)
			ExecutionOrderSort2 (0ms)
			AwakeInstancesAfterBackupRestoration (12ms)
Platform modules already initialized, skipping
Switching build target platform(19) subTarget(0) extendedPlatform(0) -> platform(13) subTarget(524288) extendedPlatform(0)
Refreshing native plugins compatible for Editor in 0.93 ms, found 5 plugins.
Preloading 2 native plugins for Editor in 0.06 ms.
Unloading 3150 Unused Serialized files (Serialized files now loaded: 0)
System memory in use before: 147.6 MB.
System memory in use after: 144.8 MB.

Unloading 77 unused Assets to reduce memory usage. Loaded Objects now: 4051.
Total: 5.363300 ms (FindLiveObjects: 0.378400 ms CreateObjectMapping: 0.083100 ms MarkObjects: 3.596200 ms  DeleteObjects: 1.304100 ms)

AssetImportParameters requested are different than current active one (requested -> active):
  custom:framework-win-MediaFoundation: 216162199b28c13a410421893ffa2e32 -> 
  custom:video-decoder-ogg-theora: a1e56fd34408186e4bbccfd4996cb3dc -> 
  custom:container-muxer-webm: aa71ff27fc2769a1b78a27578f13a17b -> 
  custom:container-demuxer-webm: 4f35f7cbe854078d1ac9338744f61a02 -> 
  custom:container-demuxer-ogg: 62fdf1f143b41e24485cea50d1cbac27 -> 
  custom:video-encoder-webm-vp8: eb34c28f22e8b96e1ab97ce403110664 -> 
  custom:video-decoder-webm-vp8: 9c59270c3fd7afecdb556c50c9e8de78 -> 
  custom:graphics/normal-map-encoding: 01000000000000000000000000000000 -> 02000000000000000000000000000000
  custom:audio-decoder-ogg-vorbis: bf7c407c2cedff20999df2af8eb42d56 -> 
  custom:audio-encoder-webm-vorbis: bf7c407c2cedff20999df2af8eb42d56 -> 
========================================================================
Received Import Request.
  Time since last request: 697.830910 seconds.
  path: Assets/TapToPlace.cs
  artifactKey: Guid(25aab51e64847634ea3fcf8daa3214e2) Importer(815301076,1909f56bfc062723c751e8b465ee728b)
Start importing Assets/TapToPlace.cs using Guid(25aab51e64847634ea3fcf8daa3214e2) Importer(815301076,1909f56bfc062723c751e8b465ee728b)  -> (artifact id: '7f2f51420380a1547751e312e01e5759') in 0.006747 seconds 
  Import took 0.012203 seconds .

========================================================================
Received Import Request.
  Time since last request: 40.144064 seconds.
  path: Assets/TapToPlace.cs
  artifactKey: Guid(25aab51e64847634ea3fcf8daa3214e2) Importer(815301076,1909f56bfc062723c751e8b465ee728b)
Start importing Assets/TapToPlace.cs using Guid(25aab51e64847634ea3fcf8daa3214e2) Importer(815301076,1909f56bfc062723c751e8b465ee728b)  -> (artifact id: 'eb2a79665a5027e2057ee08e93257195') in 0.001995 seconds 
  Import took 0.007006 seconds .

========================================================================
Received Prepare
Registering precompiled user dll's ...
Registered in 0.007764 seconds.
Begin MonoManager ReloadAssembly
Native extension for WindowsStandalone target not found
Refreshing native plugins compatible for Editor in 0.81 ms, found 5 plugins.
Preloading 2 native plugins for Editor in 0.06 ms.
System.NullReferenceException: Object reference not set to an instance of an object
  at Vuforia.EditorClasses.ExtensionTypeProvider.GetVuforiaPackageAbsPath () [0x0004a] in <0213e6f0fa134fa89db6bafa02899715>:0 
  at Vuforia.EditorClasses.ExtensionTypeProvider.IsPackageManager () [0x00000] in <0213e6f0fa134fa89db6bafa02899715>:0 
  at Vuforia.EditorClasses.ExtensionTypeProvider.ResolvePluginType () [0x00009] in <0213e6f0fa134fa89db6bafa02899715>:0 
  at Vuforia.EditorClasses.ExtensionTypeProvider.GetPluginType () [0x0000c] in <0213e6f0fa134fa89db6bafa02899715>:0 
  at Vuforia.EditorClasses.VuforiaUtilities.IsVuforiaEnabledInPlayerSettings () [0x00000] in <0213e6f0fa134fa89db6bafa02899715>:0 
  at VuforiaEnabledObserver..cctor () [0x00000] in <0213e6f0fa134fa89db6bafa02899715>:0 
UnityEngine.StackTraceUtility:ExtractStackTrace ()
UnityEngine.DebugLogHandler:LogFormat (UnityEngine.LogType,UnityEngine.Object,string,object[])
UnityEngine.Logger:Log (UnityEngine.LogType,object)
UnityEngine.Debug:LogError (object)
UnityEditor.EditorAssemblies:ProcessInitializeOnLoadAttributes (System.Type[])

System.NullReferenceException: Object reference not set to an instance of an object
  at Vuforia.EditorClasses.ExtensionTypeProvider.GetVuforiaPackageAbsPath () [0x0004a] in <0213e6f0fa134fa89db6bafa02899715>:0 
  at Vuforia.EditorClasses.ExtensionTypeProvider.IsPackageManager () [0x00000] in <0213e6f0fa134fa89db6bafa02899715>:0 
  at Vuforia.EditorClasses.ExtensionTypeProvider.ResolvePluginType () [0x00009] in <0213e6f0fa134fa89db6bafa02899715>:0 
  at Vuforia.EditorClasses.ExtensionTypeProvider.GetPluginType () [0x0000c] in <0213e6f0fa134fa89db6bafa02899715>:0 
  at Vuforia.EditorClasses.VuforiaUtilities.IsVuforiaEnabledInPlayerSettings () [0x00000] in <0213e6f0fa134fa89db6bafa02899715>:0 
  at Vuforia.EditorClasses.InitializeOnLoadVuforiaTaskRunner..cctor () [0x00015] in <0213e6f0fa134fa89db6bafa02899715>:0 
UnityEngine.StackTraceUtility:ExtractStackTrace ()
UnityEngine.DebugLogHandler:LogFormat (UnityEngine.LogType,UnityEngine.Object,string,object[])
UnityEngine.Logger:Log (UnityEngine.LogType,object)
UnityEngine.Debug:LogError (object)
UnityEditor.EditorAssemblies:ProcessInitializeOnLoadAttributes (System.Type[])

Mono: successfully reloaded assembly
- Completed reload, in  0.955 seconds
Domain Reload Profiling:
	ReloadAssembly (956ms)
		BeginReloadAssembly (96ms)
			ExecutionOrderSort (0ms)
			DisableScriptedObjects (5ms)
			BackupInstance (0ms)
			ReleaseScriptingObjects (0ms)
			CreateAndSetChildDomain (33ms)
		EndReloadAssembly (807ms)
			LoadAssemblies (85ms)
			RebuildTransferFunctionScriptingTraits (0ms)
			SetupTypeCache (280ms)
			ReleaseScriptCaches (1ms)
			RebuildScriptCaches (36ms)
			SetupLoadedEditorAssemblies (267ms)
				LogAssemblyErrors (0ms)
				InitializePlatformSupportModulesInManaged (3ms)
				SetLoadedEditorAssemblies (0ms)
				RefreshPlugins (1ms)
				BeforeProcessingInitializeOnLoad (82ms)
				ProcessInitializeOnLoadAttributes (168ms)
				ProcessInitializeOnLoadMethodAttributes (9ms)
				AfterProcessingInitializeOnLoad (5ms)
				EditorAssembliesLoaded (0ms)
			ExecutionOrderSort2 (0ms)
			AwakeInstancesAfterBackupRestoration (12ms)
Platform modules already initialized, skipping
Switching build target platform(19) subTarget(0) extendedPlatform(0) -> platform(13) subTarget(524288) extendedPlatform(0)
Refreshing native plugins compatible for Editor in 0.80 ms, found 5 plugins.
Preloading 2 native plugins for Editor in 0.05 ms.
Unloading 3151 Unused Serialized files (Serialized files now loaded: 0)
System memory in use before: 147.9 MB.
System memory in use after: 145.0 MB.

Unloading 77 unused Assets to reduce memory usage. Loaded Objects now: 4054.
Total: 4.974000 ms (FindLiveObjects: 0.321500 ms CreateObjectMapping: 0.087200 ms MarkObjects: 3.079100 ms  DeleteObjects: 1.485100 ms)

AssetImportParameters requested are different than current active one (requested -> active):
  custom:framework-win-MediaFoundation: 216162199b28c13a410421893ffa2e32 -> 
  custom:video-decoder-ogg-theora: a1e56fd34408186e4bbccfd4996cb3dc -> 
  custom:container-muxer-webm: aa71ff27fc2769a1b78a27578f13a17b -> 
  custom:container-demuxer-webm: 4f35f7cbe854078d1ac9338744f61a02 -> 
  custom:container-demuxer-ogg: 62fdf1f143b41e24485cea50d1cbac27 -> 
  custom:video-encoder-webm-vp8: eb34c28f22e8b96e1ab97ce403110664 -> 
  custom:video-decoder-webm-vp8: 9c59270c3fd7afecdb556c50c9e8de78 -> 
  custom:graphics/normal-map-encoding: 01000000000000000000000000000000 -> 02000000000000000000000000000000
  custom:audio-decoder-ogg-vorbis: bf7c407c2cedff20999df2af8eb42d56 -> 
  custom:audio-encoder-webm-vorbis: bf7c407c2cedff20999df2af8eb42d56 -> 
========================================================================
Received Import Request.
  Time since last request: 129.546608 seconds.
  path: Assets/Prefabs/Sphere.prefab
  artifactKey: Guid(7b4eef86bb8c3f748abb3fbc1c7d2412) Importer(815301076,1909f56bfc062723c751e8b465ee728b)
Start importing Assets/Prefabs/Sphere.prefab using Guid(7b4eef86bb8c3f748abb3fbc1c7d2412) Importer(815301076,1909f56bfc062723c751e8b465ee728b) Shader error in 'Shader Graphs/water_shader': Couldn't open include file 'Packages/com.unity.render-pipelines.core/ShaderLibrary/Color.hlsl'. at line 758

Compiling Vertex program
Platform defines: UNITY_COLORSPACE_GAMMA UNITY_ENABLE_REFLECTION_BUFFERS UNITY_LIGHTMAP_DLDR_ENCODING UNITY_NO_CUBEMAP_ARRAY UNITY_NO_DXT5nm UNITY_NO_SCREENSPACE_SHADOWS UNITY_PASS_SHADOWCASTER UNITY_PBS_USE_BRDF2
Disabled keywords: DOTS_INSTANCING_ON INSTANCING_ON SHADER_API_GLES30 UNITY_ASTC_NORMALMAP_ENCODING UNITY_ENABLE_DETAIL_NORMALMAP UNITY_ENABLE_NATIVE_SHADOW_LOOKUPS UNITY_HALF_PRECISION_FRAGMENT_SHADER_REGISTERS UNITY_HARDWARE_TIER1 UNITY_HARDWARE_TIER2 UNITY_HARDWARE_TIER3 UNITY_LIGHTMAP_FULL_HDR UNITY_LIGHTMAP_RGBM_ENCODING UNITY_LIGHT_PROBE_PROXY_VOLUME UNITY_METAL_SHADOWS_USE_POINT_FILTERING UNITY_NO_FULL_STANDARD_SHADER UNITY_PBS_USE_BRDF1 UNITY_PBS_USE_BRDF3 UNITY_PRETRANSFORM_TO_DISPLAY_ORIENTATION UNITY_SPECCUBE_BLENDING UNITY_SPECCUBE_BOX_PROJECTION UNITY_USE_DITHER_MASK_FOR_ALPHABLENDED_SHADOWS UNITY_VIRTUAL_TEXTURING
Shader error in 'Shader Graphs/water_shader': Couldn't open include file 'Packages/com.unity.render-pipelines.core/ShaderLibrary/Color.hlsl'. at line 758

Compiling Vertex program
Platform defines: UNITY_COLORSPACE_GAMMA UNITY_ENABLE_REFLECTION_BUFFERS UNITY_LIGHTMAP_DLDR_ENCODING UNITY_NO_CUBEMAP_ARRAY UNITY_NO_DXT5nm UNITY_NO_SCREENSPACE_SHADOWS UNITY_PASS_SHADOWCASTER UNITY_PBS_USE_BRDF2
Disabled keywords: DOTS_INSTANCING_ON INSTANCING_ON SHADER_API_GLES30 UNITY_ASTC_NORMALMAP_ENCODING UNITY_ENABLE_DETAIL_NORMALMAP UNITY_ENABLE_NATIVE_SHADOW_LOOKUPS UNITY_HALF_PRECISION_FRAGMENT_SHADER_REGISTERS UNITY_HARDWARE_TIER1 UNITY_HARDWARE_TIER2 UNITY_HARDWARE_TIER3 UNITY_LIGHTMAP_FULL_HDR UNITY_LIGHTMAP_RGBM_ENCODING UNITY_LIGHT_PROBE_PROXY_VOLUME UNITY_METAL_SHADOWS_USE_POINT_FILTERING UNITY_NO_FULL_STANDARD_SHADER UNITY_PBS_USE_BRDF1 UNITY_PBS_USE_BRDF3 UNITY_PRETRANSFORM_TO_DISPLAY_ORIENTATION UNITY_SPECCUBE_BLENDING UNITY_SPECCUBE_BOX_PROJECTION UNITY_USE_DITHER_MASK_FOR_ALPHABLENDED_SHADOWS UNITY_VIRTUAL_TEXTURING
Shader error in 'Shader Graphs/water_shader': Couldn't open include file 'Packages/com.unity.render-pipelines.core/ShaderLibrary/Color.hlsl'. at line 85

Compiling Vertex program with _ADDITIONAL_LIGHTS
Platform defines: UNITY_COLORSPACE_GAMMA UNITY_ENABLE_REFLECTION_BUFFERS UNITY_LIGHTMAP_FULL_HDR UNITY_NO_CUBEMAP_ARRAY UNITY_NO_DXT5nm UNITY_NO_SCREENSPACE_SHADOWS UNITY_PBS_USE_BRDF2
Disabled keywords: DIRLIGHTMAP_COMBINED DOTS_INSTANCING_ON FOG_EXP FOG_EXP2 FOG_LINEAR INSTANCING_ON LIGHTMAP_ON LIGHTMAP_SHADOW_MIXING SHADER_API_GLES30 SHADOWS_SHADOWMASK UNITY_ASTC_NORMALMAP_ENCODING UNITY_ENABLE_DETAIL_NORMALMAP UNITY_ENABLE_NATIVE_SHADOW_LOOKUPS UNITY_HALF_PRECISION_FRAGMENT_SHADER_REGISTERS UNITY_HARDWARE_TIER1 UNITY_HARDWARE_TIER2 UNITY_HARDWARE_TIER3 UNITY_LIGHTMAP_DLDR_ENCODING UNITY_LIGHTMAP_RGBM_ENCODING UNITY_LIGHT_PROBE_PROXY_VOLUME UNITY_METAL_SHADOWS_USE_POINT_FILTERING UNITY_NO_FULL_STANDARD_SHADER UNITY_PBS_USE_BRDF1 UNITY_PBS_USE_BRDF3 UNITY_PRETRANSFORM_TO_DISPLAY_ORIENTATION UNITY_SPECCUBE_BLENDING UNITY_SPECCUBE_BOX_PROJECTION UNITY_USE_DITHER_MASK_FOR_ALPHABLENDED_SHADOWS UNITY_VIRTUAL_TEXTURING _ADDITIONAL_LIGHTS_VERTEX _ADDITIONAL_LIGHT_SHADOWS _ADDITIONAL_OFF _MAIN_LIGHT_SHADOWS _MAIN_LIGHT_SHADOWS_CASCADE _SCREEN_SPACE_OCCLUSION _SHADOWS_SOFT
Shader error in 'Shader Graphs/water_shader': Couldn't open include file 'Packages/com.unity.render-pipelines.core/ShaderLibrary/Color.hlsl'. at line 758

Compiling Vertex program
Platform defines: UNITY_COLORSPACE_GAMMA UNITY_ENABLE_REFLECTION_BUFFERS UNITY_LIGHTMAP_DLDR_ENCODING UNITY_NO_CUBEMAP_ARRAY UNITY_NO_DXT5nm UNITY_NO_SCREENSPACE_SHADOWS UNITY_PASS_SHADOWCASTER UNITY_PBS_USE_BRDF2
Disabled keywords: DOTS_INSTANCING_ON INSTANCING_ON SHADER_API_GLES30 UNITY_ASTC_NORMALMAP_ENCODING UNITY_ENABLE_DETAIL_NORMALMAP UNITY_ENABLE_NATIVE_SHADOW_LOOKUPS UNITY_HALF_PRECISION_FRAGMENT_SHADER_REGISTERS UNITY_HARDWARE_TIER1 UNITY_HARDWARE_TIER2 UNITY_HARDWARE_TIER3 UNITY_LIGHTMAP_FULL_HDR UNITY_LIGHTMAP_RGBM_ENCODING UNITY_LIGHT_PROBE_PROXY_VOLUME UNITY_METAL_SHADOWS_USE_POINT_FILTERING UNITY_NO_FULL_STANDARD_SHADER UNITY_PBS_USE_BRDF1 UNITY_PBS_USE_BRDF3 UNITY_PRETRANSFORM_TO_DISPLAY_ORIENTATION UNITY_SPECCUBE_BLENDING UNITY_SPECCUBE_BOX_PROJECTION UNITY_USE_DITHER_MASK_FOR_ALPHABLENDED_SHADOWS UNITY_VIRTUAL_TEXTURING
Shader error in 'Shader Graphs/water_shader': Couldn't open include file 'Packages/com.unity.render-pipelines.core/ShaderLibrary/Color.hlsl'. at line 85

Compiling Vertex program with _ADDITIONAL_LIGHTS
Platform defines: UNITY_COLORSPACE_GAMMA UNITY_ENABLE_REFLECTION_BUFFERS UNITY_LIGHTMAP_FULL_HDR UNITY_NO_CUBEMAP_ARRAY UNITY_NO_DXT5nm UNITY_NO_SCREENSPACE_SHADOWS UNITY_PBS_USE_BRDF2
Disabled keywords: DIRLIGHTMAP_COMBINED DOTS_INSTANCING_ON FOG_EXP FOG_EXP2 FOG_LINEAR INSTANCING_ON LIGHTMAP_ON LIGHTMAP_SHADOW_MIXING SHADER_API_GLES30 SHADOWS_SHADOWMASK UNITY_ASTC_NORMALMAP_ENCODING UNITY_ENABLE_DETAIL_NORMALMAP UNITY_ENABLE_NATIVE_SHADOW_LOOKUPS UNITY_HALF_PRECISION_FRAGMENT_SHADER_REGISTERS UNITY_HARDWARE_TIER1 UNITY_HARDWARE_TIER2 UNITY_HARDWARE_TIER3 UNITY_LIGHTMAP_DLDR_ENCODING UNITY_LIGHTMAP_RGBM_ENCODING UNITY_LIGHT_PROBE_PROXY_VOLUME UNITY_METAL_SHADOWS_USE_POINT_FILTERING UNITY_NO_FULL_STANDARD_SHADER UNITY_PBS_USE_BRDF1 UNITY_PBS_USE_BRDF3 UNITY_PRETRANSFORM_TO_DISPLAY_ORIENTATION UNITY_SPECCUBE_BLENDING UNITY_SPECCUBE_BOX_PROJECTION UNITY_USE_DITHER_MASK_FOR_ALPHABLENDED_SHADOWS UNITY_VIRTUAL_TEXTURING _ADDITIONAL_LIGHTS_VERTEX _ADDITIONAL_LIGHT_SHADOWS _ADDITIONAL_OFF _MAIN_LIGHT_SHADOWS _MAIN_LIGHT_SHADOWS_CASCADE _SCREEN_SPACE_OCCLUSION _SHADOWS_SOFT
Shader error in 'Shader Graphs/water_shader': Couldn't open include file 'Packages/com.unity.render-pipelines.core/ShaderLibrary/Color.hlsl'. at line 758

Compiling Vertex program
Platform defines: UNITY_COLORSPACE_GAMMA UNITY_ENABLE_REFLECTION_BUFFERS UNITY_LIGHTMAP_DLDR_ENCODING UNITY_NO_CUBEMAP_ARRAY UNITY_NO_DXT5nm UNITY_NO_SCREENSPACE_SHADOWS UNITY_PASS_SHADOWCASTER UNITY_PBS_USE_BRDF2
Disabled keywords: DOTS_INSTANCING_ON INSTANCING_ON SHADER_API_GLES30 UNITY_ASTC_NORMALMAP_ENCODING UNITY_ENABLE_DETAIL_NORMALMAP UNITY_ENABLE_NATIVE_SHADOW_LOOKUPS UNITY_HALF_PRECISION_FRAGMENT_SHADER_REGISTERS UNITY_HARDWARE_TIER1 UNITY_HARDWARE_TIER2 UNITY_HARDWARE_TIER3 UNITY_LIGHTMAP_FULL_HDR UNITY_LIGHTMAP_RGBM_ENCODING UNITY_LIGHT_PROBE_PROXY_VOLUME UNITY_METAL_SHADOWS_USE_POINT_FILTERING UNITY_NO_FULL_STANDARD_SHADER UNITY_PBS_USE_BRDF1 UNITY_PBS_USE_BRDF3 UNITY_PRETRANSFORM_TO_DISPLAY_ORIENTATION UNITY_SPECCUBE_BLENDING UNITY_SPECCUBE_BOX_PROJECTION UNITY_USE_DITHER_MASK_FOR_ALPHABLENDED_SHADOWS UNITY_VIRTUAL_TEXTURING
 -> (artifact id: 'f098befcee551a4448e4d16d5d1a6b0b') in 0.146278 seconds 
  Import took 0.151429 seconds .

========================================================================
Received Prepare
Refreshing native plugins compatible for Editor in 8.79 ms, found 5 plugins.
Preloading 2 native plugins for Editor in 0.05 ms.
Unloading 74 Unused Serialized files (Serialized files now loaded: 0)
System memory in use before: 87.3 MB.
System memory in use after: 84.4 MB.

Unloading 73 unused Assets to reduce memory usage. Loaded Objects now: 4119.
Total: 5.303300 ms (FindLiveObjects: 0.350700 ms CreateObjectMapping: 0.086700 ms MarkObjects: 3.448000 ms  DeleteObjects: 1.417100 ms)

AssetImportParameters requested are different than current active one (requested -> active):
  custom:framework-win-MediaFoundation: 216162199b28c13a410421893ffa2e32 -> 
  custom:video-decoder-ogg-theora: a1e56fd34408186e4bbccfd4996cb3dc -> 
  custom:container-muxer-webm: aa71ff27fc2769a1b78a27578f13a17b -> 
  custom:container-demuxer-webm: 4f35f7cbe854078d1ac9338744f61a02 -> 
  custom:container-demuxer-ogg: 62fdf1f143b41e24485cea50d1cbac27 -> 
  custom:video-encoder-webm-vp8: eb34c28f22e8b96e1ab97ce403110664 -> 
  custom:video-decoder-webm-vp8: 9c59270c3fd7afecdb556c50c9e8de78 -> 
  custom:audio-decoder-ogg-vorbis: bf7c407c2cedff20999df2af8eb42d56 -> 
  custom:audio-encoder-webm-vorbis: bf7c407c2cedff20999df2af8eb42d56 -> 
========================================================================
Received Import Request.
  Time since last request: 240.012445 seconds.
  path: Assets/Prefabs/Water Capsule.prefab
  artifactKey: Guid(0bd6dce6ae05c414d8dacba35241bf4a) Importer(815301076,1909f56bfc062723c751e8b465ee728b)
Start importing Assets/Prefabs/Water Capsule.prefab using Guid(0bd6dce6ae05c414d8dacba35241bf4a) Importer(815301076,1909f56bfc062723c751e8b465ee728b) Shader error in 'Shader Graphs/water_shader': Couldn't open include file 'Packages/com.unity.render-pipelines.core/ShaderLibrary/Color.hlsl'. at line 85

Compiling Vertex program with _ADDITIONAL_LIGHTS
Platform defines: UNITY_COLORSPACE_GAMMA UNITY_ENABLE_REFLECTION_BUFFERS UNITY_LIGHTMAP_FULL_HDR UNITY_NO_CUBEMAP_ARRAY UNITY_NO_DXT5nm UNITY_NO_SCREENSPACE_SHADOWS UNITY_PBS_USE_BRDF2
Disabled keywords: DIRLIGHTMAP_COMBINED DOTS_INSTANCING_ON FOG_EXP FOG_EXP2 FOG_LINEAR INSTANCING_ON LIGHTMAP_ON LIGHTMAP_SHADOW_MIXING SHADER_API_GLES30 SHADOWS_SHADOWMASK UNITY_ASTC_NORMALMAP_ENCODING UNITY_ENABLE_DETAIL_NORMALMAP UNITY_ENABLE_NATIVE_SHADOW_LOOKUPS UNITY_HALF_PRECISION_FRAGMENT_SHADER_REGISTERS UNITY_HARDWARE_TIER1 UNITY_HARDWARE_TIER2 UNITY_HARDWARE_TIER3 UNITY_LIGHTMAP_DLDR_ENCODING UNITY_LIGHTMAP_RGBM_ENCODING UNITY_LIGHT_PROBE_PROXY_VOLUME UNITY_METAL_SHADOWS_USE_POINT_FILTERING UNITY_NO_FULL_STANDARD_SHADER UNITY_PBS_USE_BRDF1 UNITY_PBS_USE_BRDF3 UNITY_PRETRANSFORM_TO_DISPLAY_ORIENTATION UNITY_SPECCUBE_BLENDING UNITY_SPECCUBE_BOX_PROJECTION UNITY_USE_DITHER_MASK_FOR_ALPHABLENDED_SHADOWS UNITY_VIRTUAL_TEXTURING _ADDITIONAL_LIGHTS_VERTEX _ADDITIONAL_LIGHT_SHADOWS _ADDITIONAL_OFF _MAIN_LIGHT_SHADOWS _MAIN_LIGHT_SHADOWS_CASCADE _SCREEN_SPACE_OCCLUSION _SHADOWS_SOFT
Shader error in 'Shader Graphs/water_shader': Couldn't open include file 'Packages/com.unity.render-pipelines.core/ShaderLibrary/Color.hlsl'. at line 758

Compiling Vertex program
Platform defines: UNITY_COLORSPACE_GAMMA UNITY_ENABLE_REFLECTION_BUFFERS UNITY_LIGHTMAP_DLDR_ENCODING UNITY_NO_CUBEMAP_ARRAY UNITY_NO_DXT5nm UNITY_NO_SCREENSPACE_SHADOWS UNITY_PASS_SHADOWCASTER UNITY_PBS_USE_BRDF2
Disabled keywords: DOTS_INSTANCING_ON INSTANCING_ON SHADER_API_GLES30 UNITY_ASTC_NORMALMAP_ENCODING UNITY_ENABLE_DETAIL_NORMALMAP UNITY_ENABLE_NATIVE_SHADOW_LOOKUPS UNITY_HALF_PRECISION_FRAGMENT_SHADER_REGISTERS UNITY_HARDWARE_TIER1 UNITY_HARDWARE_TIER2 UNITY_HARDWARE_TIER3 UNITY_LIGHTMAP_FULL_HDR UNITY_LIGHTMAP_RGBM_ENCODING UNITY_LIGHT_PROBE_PROXY_VOLUME UNITY_METAL_SHADOWS_USE_POINT_FILTERING UNITY_NO_FULL_STANDARD_SHADER UNITY_PBS_USE_BRDF1 UNITY_PBS_USE_BRDF3 UNITY_PRETRANSFORM_TO_DISPLAY_ORIENTATION UNITY_SPECCUBE_BLENDING UNITY_SPECCUBE_BOX_PROJECTION UNITY_USE_DITHER_MASK_FOR_ALPHABLENDED_SHADOWS UNITY_VIRTUAL_TEXTURING
Shader error in 'Shader Graphs/water_shader': Couldn't open include file 'Packages/com.unity.render-pipelines.core/ShaderLibrary/Color.hlsl'. at line 85

Compiling Vertex program with _ADDITIONAL_LIGHTS
Platform defines: UNITY_COLORSPACE_GAMMA UNITY_ENABLE_REFLECTION_BUFFERS UNITY_LIGHTMAP_FULL_HDR UNITY_NO_CUBEMAP_ARRAY UNITY_NO_DXT5nm UNITY_NO_SCREENSPACE_SHADOWS UNITY_PBS_USE_BRDF2
Disabled keywords: DIRLIGHTMAP_COMBINED DOTS_INSTANCING_ON FOG_EXP FOG_EXP2 FOG_LINEAR INSTANCING_ON LIGHTMAP_ON LIGHTMAP_SHADOW_MIXING SHADER_API_GLES30 SHADOWS_SHADOWMASK UNITY_ASTC_NORMALMAP_ENCODING UNITY_ENABLE_DETAIL_NORMALMAP UNITY_ENABLE_NATIVE_SHADOW_LOOKUPS UNITY_HALF_PRECISION_FRAGMENT_SHADER_REGISTERS UNITY_HARDWARE_TIER1 UNITY_HARDWARE_TIER2 UNITY_HARDWARE_TIER3 UNITY_LIGHTMAP_DLDR_ENCODING UNITY_LIGHTMAP_RGBM_ENCODING UNITY_LIGHT_PROBE_PROXY_VOLUME UNITY_METAL_SHADOWS_USE_POINT_FILTERING UNITY_NO_FULL_STANDARD_SHADER UNITY_PBS_USE_BRDF1 UNITY_PBS_USE_BRDF3 UNITY_PRETRANSFORM_TO_DISPLAY_ORIENTATION UNITY_SPECCUBE_BLENDING UNITY_SPECCUBE_BOX_PROJECTION UNITY_USE_DITHER_MASK_FOR_ALPHABLENDED_SHADOWS UNITY_VIRTUAL_TEXTURING _ADDITIONAL_LIGHTS_VERTEX _ADDITIONAL_LIGHT_SHADOWS _ADDITIONAL_OFF _MAIN_LIGHT_SHADOWS _MAIN_LIGHT_SHADOWS_CASCADE _SCREEN_SPACE_OCCLUSION _SHADOWS_SOFT
Shader error in 'Shader Graphs/water_shader': Couldn't open include file 'Packages/com.unity.render-pipelines.core/ShaderLibrary/Color.hlsl'. at line 758

Compiling Vertex program
Platform defines: UNITY_COLORSPACE_GAMMA UNITY_ENABLE_REFLECTION_BUFFERS UNITY_LIGHTMAP_DLDR_ENCODING UNITY_NO_CUBEMAP_ARRAY UNITY_NO_DXT5nm UNITY_NO_SCREENSPACE_SHADOWS UNITY_PASS_SHADOWCASTER UNITY_PBS_USE_BRDF2
Disabled keywords: DOTS_INSTANCING_ON INSTANCING_ON SHADER_API_GLES30 UNITY_ASTC_NORMALMAP_ENCODING UNITY_ENABLE_DETAIL_NORMALMAP UNITY_ENABLE_NATIVE_SHADOW_LOOKUPS UNITY_HALF_PRECISION_FRAGMENT_SHADER_REGISTERS UNITY_HARDWARE_TIER1 UNITY_HARDWARE_TIER2 UNITY_HARDWARE_TIER3 UNITY_LIGHTMAP_FULL_HDR UNITY_LIGHTMAP_RGBM_ENCODING UNITY_LIGHT_PROBE_PROXY_VOLUME UNITY_METAL_SHADOWS_USE_POINT_FILTERING UNITY_NO_FULL_STANDARD_SHADER UNITY_PBS_USE_BRDF1 UNITY_PBS_USE_BRDF3 UNITY_PRETRANSFORM_TO_DISPLAY_ORIENTATION UNITY_SPECCUBE_BLENDING UNITY_SPECCUBE_BOX_PROJECTION UNITY_USE_DITHER_MASK_FOR_ALPHABLENDED_SHADOWS UNITY_VIRTUAL_TEXTURING
 -> (artifact id: '5103d7015f548f95a07cd2a7d5b467c5') in 0.019759 seconds 
  Import took 0.024653 seconds .

========================================================================
Received Import Request.
  Time since last request: 11.774156 seconds.
  path: Assets/Prefabs/Water Capsule.prefab
  artifactKey: Guid(0bd6dce6ae05c414d8dacba35241bf4a) Importer(815301076,1909f56bfc062723c751e8b465ee728b)
Start importing Assets/Prefabs/Water Capsule.prefab using Guid(0bd6dce6ae05c414d8dacba35241bf4a) Importer(815301076,1909f56bfc062723c751e8b465ee728b)  -> (artifact id: '2a68691734ecfd320eadf722696a10f5') in 0.013057 seconds 
  Import took 0.017816 seconds .

========================================================================
Received Import Request.
  Time since last request: 2.199352 seconds.
  path: Assets/Prefabs/Water Capsule.prefab
  artifactKey: Guid(0bd6dce6ae05c414d8dacba35241bf4a) Importer(815301076,1909f56bfc062723c751e8b465ee728b)
Start importing Assets/Prefabs/Water Capsule.prefab using Guid(0bd6dce6ae05c414d8dacba35241bf4a) Importer(815301076,1909f56bfc062723c751e8b465ee728b)  -> (artifact id: '3ef29af0aec0e7e668fd4ed8dfeaf71b') in 0.017940 seconds 
  Import took 0.022818 seconds .

========================================================================
Received Import Request.
  Time since last request: 1.791200 seconds.
  path: Assets/Prefabs/Water Capsule.prefab
  artifactKey: Guid(0bd6dce6ae05c414d8dacba35241bf4a) Importer(815301076,1909f56bfc062723c751e8b465ee728b)
Start importing Assets/Prefabs/Water Capsule.prefab using Guid(0bd6dce6ae05c414d8dacba35241bf4a) Importer(815301076,1909f56bfc062723c751e8b465ee728b)  -> (artifact id: 'a56f25c25703e9ce9e2da52d769e9c57') in 0.013301 seconds 
  Import took 0.018075 seconds .

========================================================================
Received Prepare
Refreshing native plugins compatible for Editor in 8.76 ms, found 5 plugins.
Preloading 2 native plugins for Editor in 0.05 ms.
Unloading 73 Unused Serialized files (Serialized files now loaded: 0)
System memory in use before: 87.2 MB.
System memory in use after: 84.4 MB.

Unloading 73 unused Assets to reduce memory usage. Loaded Objects now: 4120.
Total: 5.254100 ms (FindLiveObjects: 0.316200 ms CreateObjectMapping: 0.086500 ms MarkObjects: 3.440200 ms  DeleteObjects: 1.410600 ms)

AssetImportParameters requested are different than current active one (requested -> active):
  custom:framework-win-MediaFoundation: 216162199b28c13a410421893ffa2e32 -> 
  custom:video-decoder-ogg-theora: a1e56fd34408186e4bbccfd4996cb3dc -> 
  custom:container-muxer-webm: aa71ff27fc2769a1b78a27578f13a17b -> 
  custom:container-demuxer-webm: 4f35f7cbe854078d1ac9338744f61a02 -> 
  custom:container-demuxer-ogg: 62fdf1f143b41e24485cea50d1cbac27 -> 
  custom:video-encoder-webm-vp8: eb34c28f22e8b96e1ab97ce403110664 -> 
  custom:video-decoder-webm-vp8: 9c59270c3fd7afecdb556c50c9e8de78 -> 
  custom:audio-decoder-ogg-vorbis: bf7c407c2cedff20999df2af8eb42d56 -> 
  custom:audio-encoder-webm-vorbis: bf7c407c2cedff20999df2af8eb42d56 -> 
AssetImportWorkerClient::OnTransportError - code=2 error=End of file
